<?xml version="1.0" encoding="UTF-8"?>
<testsuite name="ru.netology.TestingWeb.OrderCardTest" tests="3" skipped="0" failures="0" errors="0" timestamp="2025-06-30T19:01:52" hostname="MacBook-Pro-Aleksey.local" time="39.564">
  <properties/>
  <testcase name="shouldTestPositiveResultDoubleName()" classname="ru.netology.TestingWeb.OrderCardTest" time="14.303"/>
  <testcase name="shouldTestPositive()" classname="ru.netology.TestingWeb.OrderCardTest" time="12.537"/>
  <testcase name="shouldTestPositiveResultDoubleSurname()" classname="ru.netology.TestingWeb.OrderCardTest" time="12.713"/>
  <system-out><![CDATA[]]></system-out>
  <system-err><![CDATA[SLF4J(W): No SLF4J providers were found.
SLF4J(W): Defaulting to no-operation (NOP) logger implementation
SLF4J(W): See https://www.slf4j.org/codes.html#noProviders for further details.
июн. 30, 2025 10:01:58 PM org.openqa.selenium.devtools.CdpVersionFinder findNearestMatch
WARNING: Unable to find CDP implementation matching 138
июн. 30, 2025 10:01:59 PM org.openqa.selenium.chromium.ChromiumDriver lambda$new$5
WARNING: Unable to find version of CDP to use for 138.0.7204.49. You may need to include a dependency on a specific version of the CDP using something similar to `org.seleniumhq.selenium:selenium-devtools-v86:4.18.1` where the version ("v86") matches the version of the chromium-based browser you're using and the version number of the artifact is the same as Selenium's.
июн. 30, 2025 10:02:11 PM org.openqa.selenium.devtools.CdpVersionFinder findNearestMatch
WARNING: Unable to find CDP implementation matching 138
июн. 30, 2025 10:02:11 PM org.openqa.selenium.chromium.ChromiumDriver lambda$new$5
WARNING: Unable to find version of CDP to use for 138.0.7204.49. You may need to include a dependency on a specific version of the CDP using something similar to `org.seleniumhq.selenium:selenium-devtools-v86:4.18.1` where the version ("v86") matches the version of the chromium-based browser you're using and the version number of the artifact is the same as Selenium's.
июн. 30, 2025 10:02:24 PM org.openqa.selenium.devtools.CdpVersionFinder findNearestMatch
WARNING: Unable to find CDP implementation matching 138
июн. 30, 2025 10:02:24 PM org.openqa.selenium.chromium.ChromiumDriver lambda$new$5
WARNING: Unable to find version of CDP to use for 138.0.7204.49. You may need to include a dependency on a specific version of the CDP using something similar to `org.seleniumhq.selenium:selenium-devtools-v86:4.18.1` where the version ("v86") matches the version of the chromium-based browser you're using and the version number of the artifact is the same as Selenium's.
]]></system-err>
</testsuite>
